### Test Ex13-1
father: level 1 number of orbits 1 lengths 2
There are 3 Z-Classes with 2 1 2 Space Groups!
1: 1 (2, 1, 2^1)  
1: 1 (4, 1, 2^2)  
1: 1 (3, 1, 3^1)  2 (6, 1, 3^1)  
2: 2 (2, 1, 2^1)  
2: 2 (4, 1, 2^2)  
1: 3 (18, 1, 3^1)  
1: 4 (9, 1, 3^1)  
2: 5 (9, 1, 3^1)  
3: 3 (2, 1, 2^1)  
3: 3 (4, 1, 2^2)  
3: 4 (3, 2, 3^1)  5 (6, 2, 3^1)  
4: 1 (1, 1, 3^1)  
5: 2 (1, 1, 3^1)  
4: 4 (2, 1, 2^1)  
4: 4 (4, 1, 2^2)  
4: 4 (3, 1, 3^1)  5 (6, 1, 3^1)  
5: 5 (2, 1, 2^1)  
5: 5 (4, 1, 2^2)  
5	% (null)
 3 1 1 1 0
 0 2 0 0 1
 0 0 2 1 1
 1 0 0 3 1
 0 1 0 0 2
### Ex13-1 return code 0
