### Test Ex5-1
#g2 f3 % point group to the space group of Ex5_g
6	% generator
 0 1 0 0 0 0
 1 0 0 0 0 0
 0 0 0 1 0 0
 0 0 1 0 0 0
 0 0 0 0 1 0
 0 0 0 0 0 1
6	% generator
 0 0 1 0 0 0
 0 0 0 1 0 0
 0 0 0 0 1 0
 0 0 0 0 0 1
 1 0 0 0 0 0
 0 1 0 0 0 0
6d0	% invariant form
1
6x0	% invariant form
 0
 1 0
 0 0 0
 0 0 1 0
 0 0 0 0 0
 0 0 0 0 1 0
6x0	% invariant form
 0
 0 0
 1 1 0
 1 1 0 0
 1 1 1 1 0
 1 1 1 1 0 0
% order of the group unknown
### Ex5-1 return code 0
### Test Ex5-2
The order of the group is: 12
### Ex5-2 return code 0
### Test Ex5-3
6x8	% presentation for group in Ex5_gp
 1  1  0  0  0  0  0  0
 2  2  2  0  0  0  0  0
 1  2 -1  2 -1  2  0  0
 1 -2  1 -2 -1 -2  0  0
 1  2  1 -2 -1  2 -1 -2
 1 -2  1  2 -1 -2 -1  2
### Ex5-3 return code 0
### Test Ex5-4
The rank of the translation lattice is 3
### Ex5-4 return code 0
### Test Ex5-5
#g2 % point group to the space group of Ex5_C
5	/2		% generator
 -1  1 0  0 -1
 -3  1 2  0 -1
  3  1 0  0  1
  3 -1 2  0  1
  0  0 2 -2  2
5	/2		% generator
 -2  0 0 0 -1
 -4  0 2 0 -1
  2 -2 0 2 -1
  2 -2 2 0  1
  2  0 2 0  0
% order of the group unknown
### Ex5-5 return code 0
### Test Ex5-6
The order of the group is 720
### Ex5-6 return code 0
### Test Ex5-7
45x58	% presentation for group in Ex5_P
  1  1  1  1  0  0  0  0  0  0  0  0  0  0  0  0  0  0  0  0  0  0  0  0  0  0  0  0  0  0  0  0  0  0  0  0  0  0  0  0  0 0 0 0 0  0  0  0 0 0 0  0  0  0 0 0  0 0
  1 -2  1 -2  1 -2  0  0  0  0  0  0  0  0  0  0  0  0  0  0  0  0  0  0  0  0  0  0  0  0  0  0  0  0  0  0  0  0  0  0  0 0 0 0 0  0  0  0 0 0 0  0  0  0 0 0  0 0
  2  2  1  1  2  2 -1 -1  0  0  0  0  0  0  0  0  0  0  0  0  0  0  0  0  0  0  0  0  0  0  0  0  0  0  0  0  0  0  0  0  0 0 0 0 0  0  0  0 0 0 0  0  0  0 0 0  0 0
  2  1  1  2  2 -1 -1  2  0  0  0  0  0  0  0  0  0  0  0  0  0  0  0  0  0  0  0  0  0  0  0  0  0  0  0  0  0  0  0  0  0 0 0 0 0  0  0  0 0 0 0  0  0  0 0 0  0 0
  1  1  2  2  1  1 -2 -2 -2 -2  0  0  0  0  0  0  0  0  0  0  0  0  0  0  0  0  0  0  0  0  0  0  0  0  0  0  0  0  0  0  0 0 0 0 0  0  0  0 0 0 0  0  0  0 0 0  0 0
  2 -1 -1 -2 -2 -1 -1  2  2  2  0  0  0  0  0  0  0  0  0  0  0  0  0  0  0  0  0  0  0  0  0  0  0  0  0  0  0  0  0  0  0 0 0 0 0  0  0  0 0 0 0  0  0  0 0 0  0 0
  2  1 -2 -1  2  1 -2 -1  2  1 -2 -1  0  0  0  0  0  0  0  0  0  0  0  0  0  0  0  0  0  0  0  0  0  0  0  0  0  0  0  0  0 0 0 0 0  0  0  0 0 0 0  0  0  0 0 0  0 0
  2  1  2  2  2 -1 -1  2  1 -2  1  1  2  1  0  0  0  0  0  0  0  0  0  0  0  0  0  0  0  0  0  0  0  0  0  0  0  0  0  0  0 0 0 0 0  0  0  0 0 0 0  0  0  0 0 0  0 0
 -1  2  1  2 -1 -2 -1  2  1 -2 -2 -1 -2 -2  0  0  0  0  0  0  0  0  0  0  0  0  0  0  0  0  0  0  0  0  0  0  0  0  0  0  0 0 0 0 0  0  0  0 0 0 0  0  0  0 0 0  0 0
  1  2  2  1  2  2 -1 -2  1  2  1 -2 -1 -2  0  0  0  0  0  0  0  0  0  0  0  0  0  0  0  0  0  0  0  0  0  0  0  0  0  0  0 0 0 0 0  0  0  0 0 0 0  0  0  0 0 0  0 0
  2  2  2 -1 -1  2  1 -2 -1 -1  2  1  2  1  0  0  0  0  0  0  0  0  0  0  0  0  0  0  0  0  0  0  0  0  0  0  0  0  0  0  0 0 0 0 0  0  0  0 0 0 0  0  0  0 0 0  0 0
  1  2  1  1 -2 -1 -1  2  1 -2  1  1  2 -1 -1 -2  0  0  0  0  0  0  0  0  0  0  0  0  0  0  0  0  0  0  0  0  0  0  0  0  0 0 0 0 0  0  0  0 0 0 0  0  0  0 0 0  0 0
  1  2  2  1 -2 -1 -1  2  1 -2  1  2  1 -2 -2 -2  0  0  0  0  0  0  0  0  0  0  0  0  0  0  0  0  0  0  0  0  0  0  0  0  0 0 0 0 0  0  0  0 0 0 0  0  0  0 0 0  0 0
 -2 -1 -1  2 -1 -2  1  1  2 -1 -1 -2 -1  2 -1 -1  0  0  0  0  0  0  0  0  0  0  0  0  0  0  0  0  0  0  0  0  0  0  0  0  0 0 0 0 0  0  0  0 0 0 0  0  0  0 0 0  0 0
  1 -2  1  2 -1 -1 -2 -1 -1  2  1 -2 -1 -1  2  1  0  0  0  0  0  0  0  0  0  0  0  0  0  0  0  0  0  0  0  0  0  0  0  0  0 0 0 0 0  0  0  0 0 0 0  0  0  0 0 0  0 0
 -1  2 -1 -2  1  1  2 -1 -2 -1  2 -1 -2  1  1  2 -1 -2  0  0  0  0  0  0  0  0  0  0  0  0  0  0  0  0  0  0  0  0  0  0  0 0 0 0 0  0  0  0 0 0 0  0  0  0 0 0  0 0
  1  2  2  1  1 -2 -1 -1  2  1 -2 -1 -1  2  1  2  1  1  0  0  0  0  0  0  0  0  0  0  0  0  0  0  0  0  0  0  0  0  0  0  0 0 0 0 0  0  0  0 0 0 0  0  0  0 0 0  0 0
  1 -2  1  1  2 -1 -2 -1  2  1 -2 -1  2 -1 -2  1  1  2  0  0  0  0  0  0  0  0  0  0  0  0  0  0  0  0  0  0  0  0  0  0  0 0 0 0 0  0  0  0 0 0 0  0  0  0 0 0  0 0
  2 -1 -2 -1 -1  2 -1 -2  1  1 -2 -1 -1  2  1 -2  1  2 -1 -1  0  0  0  0  0  0  0  0  0  0  0  0  0  0  0  0  0  0  0  0  0 0 0 0 0  0  0  0 0 0 0  0  0  0 0 0  0 0
 -1 -1  2 -1 -2  1  1  2 -1 -2  1  1 -2 -1 -1  2  1 -2  1  2  0  0  0  0  0  0  0  0  0  0  0  0  0  0  0  0  0  0  0  0  0 0 0 0 0  0  0  0 0 0 0  0  0  0 0 0  0 0
  1  2  2 -1 -1  2  1 -2  1  1  2  1 -2 -1 -1  2  2  2  1 -2  0  0  0  0  0  0  0  0  0  0  0  0  0  0  0  0  0  0  0  0  0 0 0 0 0  0  0  0 0 0 0  0  0  0 0 0  0 0
 -1 -2  1  2  1 -2 -1 -2 -1 -1  2  1 -2 -1 -1  2  1 -2 -1 -2  0  0  0  0  0  0  0  0  0  0  0  0  0  0  0  0  0  0  0  0  0 0 0 0 0  0  0  0 0 0 0  0  0  0 0 0  0 0
  2  2  2  1 -2 -1 -1  2  1 -2 -1 -1  2  1 -2  1  1  2 -1 -2 -2 -1  0  0  0  0  0  0  0  0  0  0  0  0  0  0  0  0  0  0  0 0 0 0 0  0  0  0 0 0 0  0  0  0 0 0  0 0
 -1  2  2  2  1 -2 -1 -1  2  1 -2  1  1  2  1 -2 -1 -1  2 -1 -2 -2  0  0  0  0  0  0  0  0  0  0  0  0  0  0  0  0  0  0  0 0 0 0 0  0  0  0 0 0 0  0  0  0 0 0  0 0
 -2  1  2 -1 -2 -1 -1  2  1 -2 -1 -1  2  1 -2  1  2  1 -2 -2  1 -2  0  0  0  0  0  0  0  0  0  0  0  0  0  0  0  0  0  0  0 0 0 0 0  0  0  0 0 0 0  0  0  0 0 0  0 0
  2  1  2  2  2  1 -2 -1 -1  2  1 -2  1  1  2  1 -2 -1 -1  2  1  2  0  0  0  0  0  0  0  0  0  0  0  0  0  0  0  0  0  0  0 0 0 0 0  0  0  0 0 0 0  0  0  0 0 0  0 0
  2  2  1  2 -1 -2 -1 -1  2  1 -2 -1 -1  2  1 -2  1  1  2  1 -2 -1 -2 -1  0  0  0  0  0  0  0  0  0  0  0  0  0  0  0  0  0 0 0 0 0  0  0  0 0 0 0  0  0  0 0 0  0 0
 -1  2  1 -2 -1 -1  2  1 -2 -2 -1 -1  2  1 -2 -1 -1  2  1 -2  1  1  2 -1  0  0  0  0  0  0  0  0  0  0  0  0  0  0  0  0  0 0 0 0 0  0  0  0 0 0 0  0  0  0 0 0  0 0
  1  2  2  2  1 -2  1  1  2  1 -2 -1 -1  2  1 -2  1  1  2  1 -2 -2 -2 -2  0  0  0  0  0  0  0  0  0  0  0  0  0  0  0  0  0 0 0 0 0  0  0  0 0 0 0  0  0  0 0 0  0 0
 -1 -2  1  2 -1 -2 -1 -1  2  1 -2 -1  2 -1 -2 -1  2  1 -2  1  2  1 -2 -2  1 -2  0  0  0  0  0  0  0  0  0  0  0  0  0  0  0 0 0 0 0  0  0  0 0 0 0  0  0  0 0 0  0 0
 -2 -1  2 -1 -2  1  1  2 -1  2  1 -2 -1 -1  2  1 -2  1  1  2  1 -2 -1 -1  2  1 -2 -1  0  0  0  0  0  0  0  0  0  0  0  0  0 0 0 0 0  0  0  0 0 0 0  0  0  0 0 0  0 0
 -1  2 -1 -2  1  1  2 -1 -2  1  1  2  1 -2 -1 -1  2  1  1 -2 -1  2 -1 -2 -1  2  1 -2  0  0  0  0  0  0  0  0  0  0  0  0  0 0 0 0 0  0  0  0 0 0 0  0  0  0 0 0  0 0
  2 -1 -2  1  2 -1 -2  1  1  2 -1 -2  1  1  2  1 -2 -1 -2 -1 -1  2  1 -2 -1  2 -1 -2 -1  2  0  0  0  0  0  0  0  0  0  0  0 0 0 0 0  0  0  0 0 0 0  0  0  0 0 0  0 0
  1 -2  1  2 -1 -2  1  1  2 -1 -2  1  1  2 -1 -2 -1 -2 -1 -1  2  1 -2 -1 -1  2  1 -2 -1  2 -1 -2  0  0  0  0  0  0  0  0  0 0 0 0 0  0  0  0 0 0 0  0  0  0 0 0  0 0
 -1  2 -1 -2  1  1  2 -1 -2  1  2  1 -2 -1  2 -1 -2 -1  2  1 -2  1  1  2  1 -2 -1 -1  2  1 -2 -1  0  0  0  0  0  0  0  0  0 0 0 0 0  0  0  0 0 0 0  0  0  0 0 0  0 0
 -1 -2  1  1  2 -1 -2  1  2  1 -2 -1  2 -1 -2 -1  2  1 -2  1  1  2  1 -2 -1 -1  2  1 -2  1  1  2  0  0  0  0  0  0  0  0  0 0 0 0 0  0  0  0 0 0 0  0  0  0 0 0  0 0
  2  1 -2  1  2 -1 -2  1  1  2 -1 -2  1  1  2 -1  2  1 -2  1  1  2  1 -2 -1 -1  2  1 -2 -1  2  1  0  0  0  0  0  0  0  0  0 0 0 0 0  0  0  0 0 0 0  0  0  0 0 0  0 0
  2  1  2  1  2 -1 -2 -1 -1  2  1 -2 -1  2 -1 -2 -1  2  1 -2  1  1  2  1 -2 -1  2 -1 -2 -2 -1 -1  0  0  0  0  0  0  0  0  0 0 0 0 0  0  0  0 0 0 0  0  0  0 0 0  0 0
  1  1 -2  1  2 -1 -2  1  1  2 -1 -2  1  1  2  1 -2 -1 -1  2  1 -2 -1  2 -1 -2 -1  2  1 -2  1  1  2  1  0  0  0  0  0  0  0 0 0 0 0  0  0  0 0 0 0  0  0  0 0 0  0 0
  2  2  2  1  1 -2 -1 -1  2  1 -2 -1  2 -1 -2 -1  2  1 -2  1  1  2  1 -2 -1 -1  2  1 -2  1  1  2  1 -2 -2 -1  0  0  0  0  0 0 0 0 0  0  0  0 0 0 0  0  0  0 0 0  0 0
  2  2  2  1  2  2 -1 -2 -1 -1  2  1 -2 -1  2 -1 -2 -1  2  1 -2  1  1  2  1 -2 -1 -1  2  1 -2  1  1  2 -1 -1  0  0  0  0  0 0 0 0 0  0  0  0 0 0 0  0  0  0 0 0  0 0
  2 -1 -2  1  1 -2  1  2  1 -2  1  2 -1 -2  1  1  2 -1  2  1 -2  1  1  2  1 -2 -1 -1  2  1  1 -2 -1 -1  2  1 -2  1  0  0  0 0 0 0 0  0  0  0 0 0 0  0  0  0 0 0  0 0
  1  2  1  2  2 -1 -2 -1 -1  2  1 -2 -1  2 -1 -2 -1  2  1 -2  1  1  2  1 -2 -1 -1  2  1 -2  1  2  1 -2 -2 -1 -1 -2  0  0  0 0 0 0 0  0  0  0 0 0 0  0  0  0 0 0  0 0
 -2  1  2 -1 -2  1  1  2 -1 -2  1  1  2 -1 -2 -1 -1  2  1 -2 -1  2 -1 -2 -1  2  1 -2  1  1  2  1 -2 -1 -1  2  2  2 -1 -2  0 0 0 0 0  0  0  0 0 0 0  0  0  0 0 0  0 0
  2 -1 -2  1  1  2  1 -2  1  2  1 -2 -2 -1  2 -1 -2  1  1  2  2 -1 -2  1  2  1 -2  1  2 -1 -2  1  1  2  1 -2 -1 -1  2  1 -2 1 1 2 1 -2 -1 -1 2 1 1 -2 -1 -1 2 1 -2 1
### Ex5-7 return code 0
### Test Ex5-8
#g2 
6	/2		% generator
 4 -4  0 -4 2 -3
 0  0  2  0 0  0
 2 -2 -2 -2 2 -1
 2 -4  0 -2 2  0
 0  0  2 -2 2  0
 0  0  0  0 0  2
6	/2		% generator
 2 -6  2  0 0 -1
 0  0  2  0 0  0
 2 -4 -2  0 0  0
 2 -4  0 -2 2  0
 2 -2  0 -2 0  0
 0  0  0  0 0  2
% order of the group unknown
### Ex5-8 return code 0
### Test Ex5-9
#g2 % standard group for Ex5_S
6	/2		% generator
  0 2  0 0 -2 -2
  0 0  2 0  0  0
  2 0  0 0  2 -1
 -2 2 -2 0 -2  0
  0 0  2 2  2  0
  0 0  0 0  0  2
6	/2		% generator
 -2  0  0  0 -2 -1
  0  0  2  0  0  0
  2 -2  0 -2  0  0
 -2  2 -2  0 -2  0
  2  0  2  0  0  0
  0  0  0  0  0  2
% order of the group unknown
qname: group.1040 zname: 3 1 aff_name: 1
### Ex5-9 return code 0
