### Test Ex8-1
#g2 % 
6	% generator
 0 0 0 0 0 1
 0 0 0 0 1 0
 0 0 0 1 0 0
 0 0 1 0 0 0
 0 1 0 0 0 0
 1 0 0 0 0 0
6	% generator
  0  0  0  0  0 -1
 -1  0  0  0  0  0
  0  0  0  0 -1  0
  0  0  0 -1  0  0
  0  0 -1  0  0  0
  0 -1  0  0  0  0
2^5  * 3^2  * 5^1   = 1440 % order of the group
### Ex8-1 return code 0
### Test Ex8-2
Bravais subgroups of the groups G in Ex8_gf
Symbol: 5-2;1  homogeneously d.: 1 zclass: 4
Number of occurences in the group: 1
Number of orbits under the normalizer: 1
Symbol: 1,1,1,1,1,1  homogeneously d.: 1 zclass: 1
Number of occurences in the group: 1
Number of orbits under the normalizer: 1
Symbol: 1,1,1;1,1,1  homogeneously d.: 1 zclass: 4
Number of occurences in the group: 15
Number of orbits under the normalizer: 1
Symbol: 2-1;1,1;1,1  homogeneously d.: 1 zclass: 11
Number of occurences in the group: 45
Number of orbits under the normalizer: 1
Symbol: 1,1,1,1,1;1  homogeneously d.: 1 zclass: 2
Number of occurences in the group: 15
Number of orbits under the normalizer: 1
Symbol: 2-1;1,1,1;1  homogeneously d.: 1 zclass: 8
Number of occurences in the group: 45
Number of orbits under the normalizer: 1
Symbol: 1,1,1,1;1,1  homogeneously d.: 1 zclass: 3
Number of occurences in the group: 45
Number of orbits under the normalizer: 1
Symbol: 2-2',2-2';1,1  homogeneously d.: 1 zclass: 3
Number of occurences in the group: 20
Number of orbits under the normalizer: 1
Symbol: 2-2;1,1,1,1  homogeneously d.: 1 zclass: 2
Number of occurences in the group: 20
Number of orbits under the normalizer: 1
Symbol: 2-2,2-2;1;1  homogeneously d.: 2 zclass: 6
Number of occurences in the group: 20
Number of orbits under the normalizer: 1
Symbol: 1,1;1,1;1;1  homogeneously d.: 1 zclass: 39
Number of occurences in the group: 45
Number of orbits under the normalizer: 1
Symbol: 2-2;2-2;1;1  homogeneously d.: 1 zclass: 18
Number of occurences in the group: 60
Number of orbits under the normalizer: 1
Symbol: 1,1,1;1,1;1  homogeneously d.: 1 zclass: 12
Number of occurences in the group: 45
Number of orbits under the normalizer: 1
Symbol: 2-1;1,1;1;1  homogeneously d.: 1 zclass: 32
Number of occurences in the group: 45
Number of orbits under the normalizer: 1
Symbol: 4-2;1;1  homogeneously d.: 1 zclass: 6
Number of occurences in the group: 10
Number of orbits under the normalizer: 1
Symbol: 2-2;1,1,1;1  homogeneously d.: 1 zclass: 5
Number of occurences in the group: 60
Number of orbits under the normalizer: 1
Symbol: 1,1,1,1;1;1  homogeneously d.: 1 zclass: 5
Number of occurences in the group: 45
Number of orbits under the normalizer: 1
Symbol: 3;1,1,1  homogeneously d.: 1 zclass: 3
Number of occurences in the group: 15
Number of orbits under the normalizer: 1
Symbol: 1,1,1;1;1;1  homogeneously d.: 1 zclass: 19
Number of occurences in the group: 15
Number of orbits under the normalizer: 1
Symbol: 1,1,1;1;1;1  homogeneously d.: 1 zclass: 15
Number of occurences in the group: 15
Number of orbits under the normalizer: 1
Symbol: 4-3';1,1  homogeneously d.: 1 zclass: 2
Number of occurences in the group: 36
Number of orbits under the normalizer: 1
Symbol: 2-2,2-2;1,1  homogeneously d.: 1 zclass: 3
Number of occurences in the group: 60
Number of orbits under the normalizer: 1
Symbol: 2-2;2-2;1,1  homogeneously d.: 1 zclass: 8
Number of occurences in the group: 10
Number of orbits under the normalizer: 1
Symbol: 3;2-2;1  homogeneously d.: 2 zclass: 8
Number of occurences in the group: 15
Number of orbits under the normalizer: 1
Symbol: 1,1;1;1;1;1  homogeneously d.: 1 zclass: 54
Number of occurences in the group: 15
Number of orbits under the normalizer: 1
Symbol: 3;1,1;1  homogeneously d.: 1 zclass: 11
Number of occurences in the group: 15
Number of orbits under the normalizer: 1
Symbol: 4-3;1,1  homogeneously d.: 1 zclass: 2
Number of occurences in the group: 6
Number of orbits under the normalizer: 1
### Ex8-2 return code 0
